<?xml version="1.0" encoding="UTF-8" ?>
<testsuite errors="0" failures="1" hostname="amir-laptop" name="com.liu.trymylanguage.client.TryMyLanguageTest" tests="1" time="0.307" timestamp="2011-12-09T15:38:36">
  <properties>
    <property name="ant.project.invoked-targets" value="test.non-gwt"></property>
    <property name="java.runtime.name" value="Java(TM) SE Runtime Environment"></property>
    <property name="sun.boot.library.path" value="/opt/java/jre/lib/amd64"></property>
    <property name="java.vm.version" value="21.1-b02"></property>
    <property name="ant.library.dir" value="/usr/share/java/apache-ant/lib"></property>
    <property name="ant.version" value="Apache Ant(TM) version 1.8.2 compiled on December 20 2010"></property>
    <property name="ant.java.version" value="1.7"></property>
    <property name="java.vm.vendor" value="Oracle Corporation"></property>
    <property name="java.vendor.url" value="http://java.oracle.com/"></property>
    <property name="path.separator" value=":"></property>
    <property name="java.vm.name" value="Java HotSpot(TM) 64-Bit Server VM"></property>
    <property name="file.encoding.pkg" value="sun.io"></property>
    <property name="user.country" value="US"></property>
    <property name="sun.java.launcher" value="SUN_STANDARD"></property>
    <property name="sun.os.patch.level" value="unknown"></property>
    <property name="java.vm.specification.name" value="Java Virtual Machine Specification"></property>
    <property name="user.dir" value="/home/amir/TryMyLanguage"></property>
    <property name="java.runtime.version" value="1.7.0_01-b08"></property>
    <property name="java.awt.graphicsenv" value="sun.awt.X11GraphicsEnvironment"></property>
    <property name="basedir" value="/home/amir/TryMyLanguage"></property>
    <property name="java.endorsed.dirs" value="/opt/java/jre/lib/endorsed"></property>
    <property name="os.arch" value="amd64"></property>
    <property name="ant.project.default-target" value="build"></property>
    <property name="java.io.tmpdir" value="/tmp"></property>
    <property name="ant.core.lib" value="/usr/share/java/apache-ant/lib/ant.jar"></property>
    <property name="line.separator" value="
"></property>
    <property name="java.vm.specification.vendor" value="Oracle Corporation"></property>
    <property name="os.name" value="Linux"></property>
    <property name="ant.home" value="/usr/share/java/apache-ant"></property>
    <property name="ant.project.name" value="TryMyLanguage"></property>
    <property name="sun.jnu.encoding" value="UTF-8"></property>
    <property name="java.library.path" value="/usr/java/packages/lib/amd64:/usr/lib64:/lib64:/lib:/usr/lib"></property>
    <property name="gwt.args" value=""></property>
    <property name="java.specification.name" value="Java Platform API Specification"></property>
    <property name="java.class.version" value="51.0"></property>
    <property name="sun.management.compiler" value="HotSpot 64-Bit Tiered Compilers"></property>
    <property name="os.version" value="3.1-pf"></property>
    <property name="ant.file" value="/home/amir/TryMyLanguage/build.xml"></property>
    <property name="user.home" value="/home/amir"></property>
    <property name="user.timezone" value=""></property>
    <property name="java.awt.printerjob" value="sun.print.PSPrinterJob"></property>
    <property name="file.encoding" value="UTF-8"></property>
    <property name="java.specification.version" value="1.7"></property>
    <property name="ant.file.TryMyLanguage" value="/home/amir/TryMyLanguage/build.xml"></property>
    <property name="java.class.path" value="/home/amir/TryMyLanguage/src:/home/amir/TryMyLanguage/test:/home/amir/TryMyLanguage/war/WEB-INF/classes:/home/amir/Downloads/gwt-2.4.0/gwt-user.jar:/home/amir/Downloads/gwt-2.4.0/gwt-dev.jar:/home/amir/TryMyLanguage/war/WEB-INF/lib/codemirror2.jar:/home/amir/TryMyLanguage/war/WEB-INF/lib/gwt-servlet-deps.jar:/home/amir/TryMyLanguage/war/WEB-INF/lib/gwt-servlet.jar:/home/amir/Downloads/junit-4.10.jar:/usr/share/java/apache-ant/lib/ant-launcher.jar:/usr/share/java/apache-ant/lib/ant.jar:/usr/share/java/apache-ant/lib/ant-junit.jar:/usr/share/java/apache-ant/lib/ant-junit4.jar"></property>
    <property name="user.name" value="amir"></property>
    <property name="java.vm.specification.version" value="1.7"></property>
    <property name="sun.arch.data.model" value="64"></property>
    <property name="sun.java.command" value="org.apache.tools.ant.taskdefs.optional.junit.JUnitTestRunner com.liu.trymylanguage.client.TryMyLanguageTest filtertrace=true haltOnError=false haltOnFailure=false formatter=org.apache.tools.ant.taskdefs.optional.junit.SummaryJUnitResultFormatter showoutput=false outputtoformatters=true logfailedtests=true logtestlistenerevents=false formatter=org.apache.tools.ant.taskdefs.optional.junit.PlainJUnitResultFormatter,/home/amir/TryMyLanguage/reports/htmlunit.dev/TEST-com.liu.trymylanguage.client.TryMyLanguageTest.txt formatter=org.apache.tools.ant.taskdefs.optional.junit.XMLJUnitResultFormatter,/home/amir/TryMyLanguage/reports/htmlunit.dev/TEST-com.liu.trymylanguage.client.TryMyLanguageTest.xml crashfile=/home/amir/TryMyLanguage/junitvmwatcher5200593707871802162.properties propsfile=/home/amir/TryMyLanguage/junit691825811088520808.properties"></property>
    <property name="java.home" value="/opt/java/jre"></property>
    <property name="gwt.sdk" value="/home/amir/Downloads/gwt-2.4.0"></property>
    <property name="java.specification.vendor" value="Oracle Corporation"></property>
    <property name="user.language" value="en"></property>
    <property name="ant.file.type.TryMyLanguage" value="file"></property>
    <property name="awt.toolkit" value="sun.awt.X11.XToolkit"></property>
    <property name="java.vm.info" value="mixed mode"></property>
    <property name="java.version" value="1.7.0_01"></property>
    <property name="java.ext.dirs" value="/opt/java/jre/lib/ext:/usr/java/packages/lib/ext"></property>
    <property name="sun.boot.class.path" value="/opt/java/jre/lib/resources.jar:/opt/java/jre/lib/rt.jar:/opt/java/jre/lib/sunrsasign.jar:/opt/java/jre/lib/jsse.jar:/opt/java/jre/lib/jce.jar:/opt/java/jre/lib/charsets.jar:/opt/java/jre/classes"></property>
    <property name="java.vendor" value="Oracle Corporation"></property>
    <property name="file.separator" value="/"></property>
    <property name="java.vendor.url.bug" value="http://bugreport.sun.com/bugreport/"></property>
    <property name="sun.cpu.endian" value="little"></property>
    <property name="sun.io.unicode.encoding" value="UnicodeLittle"></property>
    <property name="ant.file.type" value="file"></property>
    <property name="sun.cpu.isalist" value=""></property>
  </properties>
  <testcase classname="junit.framework.TestSuite$1" name="warning" time="0.034">
    <failure message="No tests found in com.liu.trymylanguage.client.TryMyLanguageTest" type="junit.framework.AssertionFailedError">junit.framework.AssertionFailedError: No tests found in com.liu.trymylanguage.client.TryMyLanguageTest
</failure>
  </testcase>
  <system-out><![CDATA[]]></system-out>
  <system-err><![CDATA[]]></system-err>
</testsuite>
