<?xml version="1.0" encoding="UTF-8" ?>
<testsuite errors="0" failures="0" hostname="localhost" name="com.liu.trymylanguage.server.CompileServiceTest" tests="2" time="0.736" timestamp="2011-11-22T11:13:28">
  <properties>
    <property name="ant.project.invoked-targets" value="test.dev"></property>
    <property name="java.runtime.name" value="OpenJDK Runtime Environment"></property>
    <property name="sun.boot.library.path" value="/usr/lib/jvm/java-6-openjdk/jre/lib/amd64"></property>
    <property name="java.vm.version" value="19.0-b09"></property>
    <property name="ant.library.dir" value="/usr/share/java/apache-ant/lib"></property>
    <property name="ant.version" value="Apache Ant(TM) version 1.8.2 compiled on December 20 2010"></property>
    <property name="ant.java.version" value="1.6"></property>
    <property name="java.vm.vendor" value="Sun Microsystems Inc."></property>
    <property name="java.vendor.url" value="http://java.sun.com/"></property>
    <property name="path.separator" value=":"></property>
    <property name="java.vm.name" value="OpenJDK 64-Bit Server VM"></property>
    <property name="file.encoding.pkg" value="sun.io"></property>
    <property name="user.country" value="US"></property>
    <property name="sun.java.launcher" value="SUN_STANDARD"></property>
    <property name="sun.os.patch.level" value="unknown"></property>
    <property name="java.vm.specification.name" value="Java Virtual Machine Specification"></property>
    <property name="user.dir" value="/home/amir/TryMyLanguage"></property>
    <property name="java.runtime.version" value="1.6.0_22-b22"></property>
    <property name="java.awt.graphicsenv" value="sun.awt.X11GraphicsEnvironment"></property>
    <property name="basedir" value="/home/amir/TryMyLanguage"></property>
    <property name="java.endorsed.dirs" value="/usr/lib/jvm/java-6-openjdk/jre/lib/endorsed"></property>
    <property name="os.arch" value="amd64"></property>
    <property name="ant.project.default-target" value="build"></property>
    <property name="java.io.tmpdir" value="/tmp"></property>
    <property name="ant.core.lib" value="/usr/share/java/apache-ant/lib/ant.jar"></property>
    <property name="line.separator" value="
"></property>
    <property name="java.vm.specification.vendor" value="Sun Microsystems Inc."></property>
    <property name="os.name" value="Linux"></property>
    <property name="ant.home" value="/usr/share/java/apache-ant"></property>
    <property name="ant.project.name" value="TryMyLanguage"></property>
    <property name="sun.jnu.encoding" value="UTF-8"></property>
    <property name="java.library.path" value="/usr/lib/jvm/java-6-openjdk/jre/lib/amd64/server:/usr/lib/jvm/java-6-openjdk/jre/lib/amd64:/usr/lib/jvm/java-6-openjdk/jre/../lib/amd64:/home/amir/GNUstep/Library/Libraries:/usr/lib:/usr/java/packages/lib/amd64:/usr/lib64:/lib64:/lib:/usr/lib"></property>
    <property name="gwt.args" value="-standardsMode -logLevel WARN"></property>
    <property name="java.specification.name" value="Java Platform API Specification"></property>
    <property name="java.class.version" value="50.0"></property>
    <property name="sun.management.compiler" value="HotSpot 64-Bit Server Compiler"></property>
    <property name="os.version" value="3.1.1-1-ARCH"></property>
    <property name="ant.file" value="/home/amir/TryMyLanguage/build.xml"></property>
    <property name="user.home" value="/home/amir"></property>
    <property name="user.timezone" value=""></property>
    <property name="java.awt.printerjob" value="sun.print.PSPrinterJob"></property>
    <property name="java.specification.version" value="1.6"></property>
    <property name="file.encoding" value="UTF-8"></property>
    <property name="ant.file.TryMyLanguage" value="/home/amir/TryMyLanguage/build.xml"></property>
    <property name="user.name" value="amir"></property>
    <property name="java.class.path" value="/home/amir/TryMyLanguage/src:/home/amir/TryMyLanguage/test:/home/amir/TryMyLanguage/war/WEB-INF/classes:/home/amir/Downloads/gwt-2.4.0/gwt-user.jar:/home/amir/Downloads/gwt-2.4.0/gwt-dev.jar:/home/amir/TryMyLanguage/war/WEB-INF/lib/gwt-servlet-deps.jar:/home/amir/TryMyLanguage/war/WEB-INF/lib/gwt-servlet.jar:/home/amir/Downloads/gwt-2.4.0/validation-api-1.0.0.GA.jar:/home/amir/Downloads/gwt-2.4.0/validation-api-1.0.0.GA-sources.jar:/usr/share/java/apache-ant/lib/junit.jar:/usr/share/java/apache-ant/lib/ant-launcher.jar:/usr/share/java/apache-ant/lib/ant.jar:/usr/share/java/apache-ant/lib/ant-junit.jar:/usr/share/java/apache-ant/lib/ant-junit4.jar"></property>
    <property name="java.vm.specification.version" value="1.0"></property>
    <property name="sun.arch.data.model" value="64"></property>
    <property name="java.home" value="/usr/lib/jvm/java-6-openjdk/jre"></property>
    <property name="gwt.sdk" value="/home/amir/Downloads/gwt-2.4.0"></property>
    <property name="java.specification.vendor" value="Sun Microsystems Inc."></property>
    <property name="user.language" value="en"></property>
    <property name="ant.file.type.TryMyLanguage" value="file"></property>
    <property name="java.vm.info" value="mixed mode"></property>
    <property name="java.version" value="1.6.0_22"></property>
    <property name="java.ext.dirs" value="/usr/lib/jvm/java-6-openjdk/jre/lib/ext:/usr/java/packages/lib/ext"></property>
    <property name="sun.boot.class.path" value="/usr/lib/jvm/java-6-openjdk/jre/lib/resources.jar:/usr/lib/jvm/java-6-openjdk/jre/lib/rt.jar:/usr/lib/jvm/java-6-openjdk/jre/lib/sunrsasign.jar:/usr/lib/jvm/java-6-openjdk/jre/lib/jsse.jar:/usr/lib/jvm/java-6-openjdk/jre/lib/jce.jar:/usr/lib/jvm/java-6-openjdk/jre/lib/charsets.jar:/usr/lib/jvm/java-6-openjdk/jre/lib/netx.jar:/usr/lib/jvm/java-6-openjdk/jre/lib/plugin.jar:/usr/lib/jvm/java-6-openjdk/jre/lib/rhino.jar:/usr/lib/jvm/java-6-openjdk/jre/lib/modules/jdk.boot.jar:/usr/lib/jvm/java-6-openjdk/jre/classes"></property>
    <property name="java.awt.headless" value="true"></property>
    <property name="java.vendor" value="Sun Microsystems Inc."></property>
    <property name="file.separator" value="/"></property>
    <property name="java.vendor.url.bug" value="http://java.sun.com/cgi-bin/bugreport.cgi"></property>
    <property name="sun.io.unicode.encoding" value="UnicodeLittle"></property>
    <property name="sun.cpu.endian" value="little"></property>
    <property name="ant.file.type" value="file"></property>
    <property name="sun.cpu.isalist" value=""></property>
  </properties>
  <testcase classname="com.liu.trymylanguage.server.CompileServiceTest" name="test_returnFilename" time="0.149"></testcase>
  <testcase classname="com.liu.trymylanguage.server.CompileServiceTest" name="test_compileHello" time="0.359"></testcase>
  <system-out><![CDATA[Test
Hello
]]></system-out>
  <system-err><![CDATA[]]></system-err>
</testsuite>
